<?xml version="1.0" encoding="UTF-8"?>
<!-- Generated by org.testng.reporters.JUnitReportReporter -->
<testsuite hostname="USABOS008152LT" failures="0" tests="1" name="com.guri.BuildPipeline.BaseTest" time="0.007" errors="0" timestamp="17 Aug 2021 12:53:21 GMT">
  <testcase classname="com.guri.BuildPipeline.BaseTest" name="test2" time="0.007"/>
</testsuite> <!-- com.guri.BuildPipeline.BaseTest -->
