<?xml version="1.0" encoding="UTF-8"?>
<!-- Generated by org.testng.reporters.JUnitReportReporter -->
<testsuite hostname="USABOS008152LT" failures="0" tests="1" name="com.guri.BuildPipeline.Base" time="0.007" errors="0" timestamp="2021-08-17T17:51:14 IST" skipped="0">
  <testcase classname="com.guri.BuildPipeline.Base" name="test1" time="0.007"/>
  <system-out/>
</testsuite> <!-- com.guri.BuildPipeline.Base -->
